# JRE version: Java(TM) SE Runtime Environment (7.0_79-b15) (build 1.7.0_79-b15)
# Java VM: Java HotSpot(TM) 64-Bit Server VM (24.79-b02 mixed mode windows-amd64 compressed oops)
Heap
 PSYoungGen      total 272896K, used 272864K [0x00000000eaa80000, 0x0000000100000000, 0x0000000100000000)
  eden space 217600K, 100% used [0x00000000eaa80000,0x00000000f7f00000,0x00000000f7f00000)
  from space 55296K, 99% used [0x00000000fca00000,0x00000000ffff8180,0x0000000100000000)
  to   space 66048K, 89% used [0x00000000f7f00000,0x00000000fb8c20d0,0x00000000fbf80000)
 ParOldGen       total 188416K, used 150409K [0x00000000c0000000, 0x00000000cb800000, 0x00000000eaa80000)
  object space 188416K, 79% used [0x00000000c0000000,0x00000000c92e2738,0x00000000cb800000)
 PSPermGen       total 88064K, used 73229K [0x00000000b0000000, 0x00000000b5600000, 0x00000000c0000000)
  object space 88064K, 83% used [0x00000000b0000000,0x00000000b4783668,0x00000000b5600000)
GC Heap History (10 events):
Event: 8428.593 GC heap after
Heap after GC invocations=90 (full 14):
 PSYoungGen      total 296960K, used 32022K [0x00000000eaa80000, 0x0000000100000000, 0x0000000100000000)
  eden space 246272K, 0% used [0x00000000eaa80000,0x00000000eaa80000,0x00000000f9b00000)
  from space 50688K, 63% used [0x00000000fce80000,0x00000000fedc59a0,0x0000000100000000)
  to   space 51712K, 0% used [0x00000000f9b00000,0x00000000f9b00000,0x00000000fcd80000)
 ParOldGen       total 188416K, used 143718K [0x00000000c0000000, 0x00000000cb800000, 0x00000000eaa80000)
  object space 188416K, 76% used [0x00000000c0000000,0x00000000c8c59b78,0x00000000cb800000)
 PSPermGen       total 88064K, used 73078K [0x00000000b0000000, 0x00000000b5600000, 0x00000000c0000000)
  object space 88064K, 82% used [0x00000000b0000000,0x00000000b475db20,0x00000000b5600000)
}
Event: 8430.767 GC heap before
{Heap before GC invocations=91 (full 14):
 PSYoungGen      total 296960K, used 278294K [0x00000000eaa80000, 0x0000000100000000, 0x0000000100000000)
  eden space 246272K, 100% used [0x00000000eaa80000,0x00000000f9b00000,0x00000000f9b00000)
  from space 50688K, 63% used [0x00000000fce80000,0x00000000fedc59a0,0x0000000100000000)
  to   space 51712K, 0% used [0x00000000f9b00000,0x00000000f9b00000,0x00000000fcd80000)
 ParOldGen       total 188416K, used 143718K [0x00000000c0000000, 0x00000000cb800000, 0x00000000eaa80000)
  object space 188416K, 76% used [0x00000000c0000000,0x00000000c8c59b78,0x00000000cb800000)
 PSPermGen       total 88064K, used 73159K [0x00000000b0000000, 0x00000000b5600000, 0x00000000c0000000)
  object space 88064K, 83% used [0x00000000b0000000,0x00000000b4771ee0,0x00000000b5600000)
Event: 8430.784 GC heap after
Heap after GC invocations=91 (full 14):
 PSYoungGen      total 297984K, used 27752K [0x00000000eaa80000, 0x0000000100000000, 0x0000000100000000)
  eden space 246272K, 0% used [0x00000000eaa80000,0x00000000eaa80000,0x00000000f9b00000)
  from space 51712K, 53% used [0x00000000f9b00000,0x00000000fb61a2d8,0x00000000fcd80000)
  to   space 51200K, 0% used [0x00000000fce00000,0x00000000fce00000,0x0000000100000000)
 ParOldGen       total 188416K, used 143718K [0x00000000c0000000, 0x00000000cb800000, 0x00000000eaa80000)
  object space 188416K, 76% used [0x00000000c0000000,0x00000000c8c59b78,0x00000000cb800000)
 PSPermGen       total 88064K, used 73159K [0x00000000b0000000, 0x00000000b5600000, 0x00000000c0000000)
  object space 88064K, 83% used [0x00000000b0000000,0x00000000b4771ee0,0x00000000b5600000)
}
Event: 8433.171 GC heap before
{Heap before GC invocations=92 (full 14):
 PSYoungGen      total 297984K, used 274024K [0x00000000eaa80000, 0x0000000100000000, 0x0000000100000000)
  eden space 246272K, 100% used [0x00000000eaa80000,0x00000000f9b00000,0x00000000f9b00000)
  from space 51712K, 53% used [0x00000000f9b00000,0x00000000fb61a2d8,0x00000000fcd80000)
  to   space 51200K, 0% used [0x00000000fce00000,0x00000000fce00000,0x0000000100000000)
 ParOldGen       total 188416K, used 143718K [0x00000000c0000000, 0x00000000cb800000, 0x00000000eaa80000)
  object space 188416K, 76% used [0x00000000c0000000,0x00000000c8c59b78,0x00000000cb800000)
 PSPermGen       total 88064K, used 73179K [0x00000000b0000000, 0x00000000b5600000, 0x00000000c0000000)
  object space 88064K, 83% used [0x00000000b0000000,0x00000000b4776e90,0x00000000b5600000)
Event: 8433.192 GC heap after
Heap after GC invocations=92 (full 14):
 PSYoungGen      total 296448K, used 33696K [0x00000000eaa80000, 0x0000000100000000, 0x0000000100000000)
  eden space 245248K, 0% used [0x00000000eaa80000,0x00000000eaa80000,0x00000000f9a00000)
  from space 51200K, 65% used [0x00000000fce00000,0x00000000feee8070,0x0000000100000000)
  to   space 52224K, 0% used [0x00000000f9a00000,0x00000000f9a00000,0x00000000fcd00000)
 ParOldGen       total 188416K, used 143718K [0x00000000c0000000, 0x00000000cb800000, 0x00000000eaa80000)
  object space 188416K, 76% used [0x00000000c0000000,0x00000000c8c59b78,0x00000000cb800000)
 PSPermGen       total 88064K, used 73179K [0x00000000b0000000, 0x00000000b5600000, 0x00000000c0000000)
  object space 88064K, 83% used [0x00000000b0000000,0x00000000b4776e90,0x00000000b5600000)
}
Event: 8454.161 GC heap before
{Heap before GC invocations=93 (full 14):
 PSYoungGen      total 296448K, used 278674K [0x00000000eaa80000, 0x0000000100000000, 0x0000000100000000)
  eden space 245248K, 99% used [0x00000000eaa80000,0x00000000f99bc878,0x00000000f9a00000)
  from space 51200K, 65% used [0x00000000fce00000,0x00000000feee8070,0x0000000100000000)
  to   space 52224K, 0% used [0x00000000f9a00000,0x00000000f9a00000,0x00000000fcd00000)
 ParOldGen       total 188416K, used 143718K [0x00000000c0000000, 0x00000000cb800000, 0x00000000eaa80000)
  object space 188416K, 76% used [0x00000000c0000000,0x00000000c8c59b78,0x00000000cb800000)
 PSPermGen       total 88064K, used 73197K [0x00000000b0000000, 0x00000000b5600000, 0x00000000c0000000)
  object space 88064K, 83% used [0x00000000b0000000,0x00000000b477b5b8,0x00000000b5600000)
Event: 8454.185 GC heap after
Heap after GC invocations=93 (full 14):
 PSYoungGen      total 284672K, used 39011K [0x00000000eaa80000, 0x0000000100000000, 0x0000000100000000)
  eden space 245248K, 0% used [0x00000000eaa80000,0x00000000eaa80000,0x00000000f9a00000)
  from space 39424K, 98% used [0x00000000f9a00000,0x00000000fc018eb0,0x00000000fc080000)
  to   space 55296K, 0% used [0x00000000fca00000,0x00000000fca00000,0x0000000100000000)
 ParOldGen       total 188416K, used 143718K [0x00000000c0000000, 0x00000000cb800000, 0x00000000eaa80000)
  object space 188416K, 76% used [0x00000000c0000000,0x00000000c8c59b78,0x00000000cb800000)
 PSPermGen       total 88064K, used 73197K [0x00000000b0000000, 0x00000000b5600000, 0x00000000c0000000)
  object space 88064K, 83% used [0x00000000b0000000,0x00000000b477b5b8,0x00000000b5600000)
}
Event: 8456.957 GC heap before
{Heap before GC invocations=94 (full 14):
 PSYoungGen      total 284672K, used 284259K [0x00000000eaa80000, 0x0000000100000000, 0x0000000100000000)
  eden space 245248K, 100% used [0x00000000eaa80000,0x00000000f9a00000,0x00000000f9a00000)
  from space 39424K, 98% used [0x00000000f9a00000,0x00000000fc018eb0,0x00000000fc080000)
  to   space 55296K, 0% used [0x00000000fca00000,0x00000000fca00000,0x0000000100000000)
 ParOldGen       total 188416K, used 143718K [0x00000000c0000000, 0x00000000cb800000, 0x00000000eaa80000)
  object space 188416K, 76% used [0x00000000c0000000,0x00000000c8c59b78,0x00000000cb800000)
 PSPermGen       total 88064K, used 73215K [0x00000000b0000000, 0x00000000b5600000, 0x00000000c0000000)
  object space 88064K, 83% used [0x00000000b0000000,0x00000000b477fd90,0x00000000b5600000)
Event: 8456.999 GC heap after
Heap after GC invocations=94 (full 14):
 PSYoungGen      total 272896K, used 55264K [0x00000000eaa80000, 0x0000000100000000, 0x0000000100000000)
  eden space 217600K, 0% used [0x00000000eaa80000,0x00000000eaa80000,0x00000000f7f00000)
  from space 55296K, 99% used [0x00000000fca00000,0x00000000ffff8180,0x0000000100000000)
  to   space 66048K, 0% used [0x00000000f7f00000,0x00000000f7f00000,0x00000000fbf80000)
 ParOldGen       total 188416K, used 150409K [0x00000000c0000000, 0x00000000cb800000, 0x00000000eaa80000)
  object space 188416K, 79% used [0x00000000c0000000,0x00000000c92e2738,0x00000000cb800000)
 PSPermGen       total 88064K, used 73215K [0x00000000b0000000, 0x00000000b5600000, 0x00000000c0000000)
  object space 88064K, 83% used [0x00000000b0000000,0x00000000b477fd90,0x00000000b5600000)
}
Event: 8459.025 GC heap before
{Heap before GC invocations=95 (full 14):
 PSYoungGen      total 272896K, used 272864K [0x00000000eaa80000, 0x0000000100000000, 0x0000000100000000)
  eden space 217600K, 100% used [0x00000000eaa80000,0x00000000f7f00000,0x00000000f7f00000)
  from space 55296K, 99% used [0x00000000fca00000,0x00000000ffff8180,0x0000000100000000)
  to   space 66048K, 0% used [0x00000000f7f00000,0x00000000f7f00000,0x00000000fbf80000)
 ParOldGen       total 188416K, used 150409K [0x00000000c0000000, 0x00000000cb800000, 0x00000000eaa80000)
  object space 188416K, 79% used [0x00000000c0000000,0x00000000c92e2738,0x00000000cb800000)
 PSPermGen       total 88064K, used 73229K [0x00000000b0000000, 0x00000000b5600000, 0x00000000c0000000)
  object space 88064K, 83% used [0x00000000b0000000,0x00000000b4783668,0x00000000b5600000)

