# JRE version: Java(TM) SE Runtime Environment (7.0_79-b15) (build 1.7.0_79-b15)
# Java VM: Java HotSpot(TM) 64-Bit Server VM (24.79-b02 mixed mode windows-amd64 compressed oops)
Heap
 PSYoungGen      total 1005568K, used 591509K [0x00000007aaa80000, 0x0000000800000000, 0x0000000800000000)
  eden space 690688K, 43% used [0x00000007aaa80000,0x00000007bd0d2658,0x00000007d4d00000)
  from space 314880K, 92% used [0x00000007d4d00000,0x00000007e6852e20,0x00000007e8080000)
  to   space 359424K, 0% used [0x00000007ea100000,0x00000007ea100000,0x0000000800000000)
 ParOldGen       total 819200K, used 537262K [0x0000000700000000, 0x0000000732000000, 0x00000007aaa80000)
  object space 819200K, 65% used [0x0000000700000000,0x0000000720cabbe8,0x0000000732000000)
 PSPermGen       total 21504K, used 6373K [0x00000006fae00000, 0x00000006fc300000, 0x0000000700000000)
  object space 21504K, 29% used [0x00000006fae00000,0x00000006fb439410,0x00000006fc300000)
GC Heap History (10 events):
Event: 8.557 GC heap before
{Heap before GC invocations=17 (full 3):
 PSYoungGen      total 650240K, used 583340K [0x00000007aaa80000, 0x00000007eb180000, 0x0000000800000000)
  eden space 481792K, 100% used [0x00000007aaa80000,0x00000007c8100000,0x00000007c8100000)
  from space 168448K, 60% used [0x00000007c8100000,0x00000007ce42b3d0,0x00000007d2580000)
  to   space 215040K, 0% used [0x00000007ddf80000,0x00000007ddf80000,0x00000007eb180000)
 ParOldGen       total 537600K, used 343885K [0x0000000700000000, 0x0000000720d00000, 0x00000007aaa80000)
  object space 537600K, 63% used [0x0000000700000000,0x0000000714fd3458,0x0000000720d00000)
 PSPermGen       total 21504K, used 6368K [0x00000006fae00000, 0x00000006fc300000, 0x0000000700000000)
  object space 21504K, 29% used [0x00000006fae00000,0x00000006fb438128,0x00000006fc300000)
Event: 8.788 GC heap after
Heap after GC invocations=17 (full 3):
 PSYoungGen      total 779776K, used 215037K [0x00000007aaa80000, 0x00000007f0c00000, 0x0000000800000000)
  eden space 564736K, 0% used [0x00000007aaa80000,0x00000007aaa80000,0x00000007cd200000)
  from space 215040K, 99% used [0x00000007ddf80000,0x00000007eb17f600,0x00000007eb180000)
  to   space 275968K, 0% used [0x00000007cd200000,0x00000007cd200000,0x00000007ddf80000)
 ParOldGen       total 537600K, used 405369K [0x0000000700000000, 0x0000000720d00000, 0x00000007aaa80000)
  object space 537600K, 75% used [0x0000000700000000,0x0000000718bde5f0,0x0000000720d00000)
 PSPermGen       total 21504K, used 6368K [0x00000006fae00000, 0x00000006fc300000, 0x0000000700000000)
  object space 21504K, 29% used [0x00000006fae00000,0x00000006fb438128,0x00000006fc300000)
}
Event: 9.356 GC heap before
{Heap before GC invocations=18 (full 3):
 PSYoungGen      total 779776K, used 779773K [0x00000007aaa80000, 0x00000007f0c00000, 0x0000000800000000)
  eden space 564736K, 100% used [0x00000007aaa80000,0x00000007cd200000,0x00000007cd200000)
  from space 215040K, 99% used [0x00000007ddf80000,0x00000007eb17f600,0x00000007eb180000)
  to   space 275968K, 0% used [0x00000007cd200000,0x00000007cd200000,0x00000007ddf80000)
 ParOldGen       total 537600K, used 405369K [0x0000000700000000, 0x0000000720d00000, 0x00000007aaa80000)
  object space 537600K, 75% used [0x0000000700000000,0x0000000718bde5f0,0x0000000720d00000)
 PSPermGen       total 21504K, used 6368K [0x00000006fae00000, 0x00000006fc300000, 0x0000000700000000)
  object space 21504K, 29% used [0x00000006fae00000,0x00000006fb438148,0x00000006fc300000)
Event: 9.532 GC heap after
Heap after GC invocations=18 (full 3):
 PSYoungGen      total 840704K, used 213297K [0x00000007aaa80000, 0x00000007fa780000, 0x0000000800000000)
  eden space 564736K, 0% used [0x00000007aaa80000,0x00000007aaa80000,0x00000007cd200000)
  from space 275968K, 77% used [0x00000007cd200000,0x00000007da24c5e0,0x00000007ddf80000)
  to   space 301568K, 0% used [0x00000007e8100000,0x00000007e8100000,0x00000007fa780000)
 ParOldGen       total 537600K, used 531416K [0x0000000700000000, 0x0000000720d00000, 0x00000007aaa80000)
  object space 537600K, 98% used [0x0000000700000000,0x00000007206f6108,0x0000000720d00000)
 PSPermGen       total 21504K, used 6368K [0x00000006fae00000, 0x00000006fc300000, 0x0000000700000000)
  object space 21504K, 29% used [0x00000006fae00000,0x00000006fb438148,0x00000006fc300000)
}
Event: 9.532 GC heap before
{Heap before GC invocations=19 (full 4):
 PSYoungGen      total 840704K, used 213297K [0x00000007aaa80000, 0x00000007fa780000, 0x0000000800000000)
  eden space 564736K, 0% used [0x00000007aaa80000,0x00000007aaa80000,0x00000007cd200000)
  from space 275968K, 77% used [0x00000007cd200000,0x00000007da24c5e0,0x00000007ddf80000)
  to   space 301568K, 0% used [0x00000007e8100000,0x00000007e8100000,0x00000007fa780000)
 ParOldGen       total 537600K, used 531416K [0x0000000700000000, 0x0000000720d00000, 0x00000007aaa80000)
  object space 537600K, 98% used [0x0000000700000000,0x00000007206f6108,0x0000000720d00000)
 PSPermGen       total 21504K, used 6368K [0x00000006fae00000, 0x00000006fc300000, 0x0000000700000000)
  object space 21504K, 29% used [0x00000006fae00000,0x00000006fb438148,0x00000006fc300000)
Event: 10.443 GC heap after
Heap after GC invocations=19 (full 4):
 PSYoungGen      total 840704K, used 110859K [0x00000007aaa80000, 0x00000007fa780000, 0x0000000800000000)
  eden space 564736K, 0% used [0x00000007aaa80000,0x00000007aaa80000,0x00000007cd200000)
  from space 275968K, 40% used [0x00000007cd200000,0x00000007d3e42e70,0x00000007ddf80000)
  to   space 301568K, 0% used [0x00000007e8100000,0x00000007e8100000,0x00000007fa780000)
 ParOldGen       total 819200K, used 537262K [0x0000000700000000, 0x0000000732000000, 0x00000007aaa80000)
  object space 819200K, 65% used [0x0000000700000000,0x0000000720cabbe8,0x0000000732000000)
 PSPermGen       total 21504K, used 6368K [0x00000006fae00000, 0x00000006fc300000, 0x0000000700000000)
  object space 21504K, 29% used [0x00000006fae00000,0x00000006fb438128,0x00000006fc300000)
}
Event: 10.977 GC heap before
{Heap before GC invocations=20 (full 4):
 PSYoungGen      total 840704K, used 675595K [0x00000007aaa80000, 0x00000007fa780000, 0x0000000800000000)
  eden space 564736K, 100% used [0x00000007aaa80000,0x00000007cd200000,0x00000007cd200000)
  from space 275968K, 40% used [0x00000007cd200000,0x00000007d3e42e70,0x00000007ddf80000)
  to   space 301568K, 0% used [0x00000007e8100000,0x00000007e8100000,0x00000007fa780000)
 ParOldGen       total 819200K, used 537262K [0x0000000700000000, 0x0000000732000000, 0x00000007aaa80000)
  object space 819200K, 65% used [0x0000000700000000,0x0000000720cabbe8,0x0000000732000000)
 PSPermGen       total 21504K, used 6371K [0x00000006fae00000, 0x00000006fc300000, 0x0000000700000000)
  object space 21504K, 29% used [0x00000006fae00000,0x00000006fb438f68,0x00000006fc300000)
Event: 11.195 GC heap after
Heap after GC invocations=20 (full 4):
 PSYoungGen      total 992256K, used 194199K [0x00000007aaa80000, 0x00000007fb400000, 0x0000000800000000)
  eden space 690688K, 0% used [0x00000007aaa80000,0x00000007aaa80000,0x00000007d4d00000)
  from space 301568K, 64% used [0x00000007e8100000,0x00000007f3ea5c60,0x00000007fa780000)
  to   space 314880K, 0% used [0x00000007d4d00000,0x00000007d4d00000,0x00000007e8080000)
 ParOldGen       total 819200K, used 537262K [0x0000000700000000, 0x0000000732000000, 0x00000007aaa80000)
  object space 819200K, 65% used [0x0000000700000000,0x0000000720cabbe8,0x0000000732000000)
 PSPermGen       total 21504K, used 6371K [0x00000006fae00000, 0x00000006fc300000, 0x0000000700000000)
  object space 21504K, 29% used [0x00000006fae00000,0x00000006fb438f68,0x00000006fc300000)
}
Event: 11.756 GC heap before
{Heap before GC invocations=21 (full 4):
 PSYoungGen      total 992256K, used 884887K [0x00000007aaa80000, 0x00000007fb400000, 0x0000000800000000)
  eden space 690688K, 100% used [0x00000007aaa80000,0x00000007d4d00000,0x00000007d4d00000)
  from space 301568K, 64% used [0x00000007e8100000,0x00000007f3ea5c60,0x00000007fa780000)
  to   space 314880K, 0% used [0x00000007d4d00000,0x00000007d4d00000,0x00000007e8080000)
 ParOldGen       total 819200K, used 537262K [0x0000000700000000, 0x0000000732000000, 0x00000007aaa80000)
  object space 819200K, 65% used [0x0000000700000000,0x0000000720cabbe8,0x0000000732000000)
 PSPermGen       total 21504K, used 6372K [0x00000006fae00000, 0x00000006fc300000, 0x0000000700000000)
  object space 21504K, 29% used [0x00000006fae00000,0x00000006fb4390f8,0x00000006fc300000)
Event: 11.925 GC heap after
Heap after GC invocations=21 (full 4):
 PSYoungGen      total 1005568K, used 290123K [0x00000007aaa80000, 0x0000000800000000, 0x0000000800000000)
  eden space 690688K, 0% used [0x00000007aaa80000,0x00000007aaa80000,0x00000007d4d00000)
  from space 314880K, 92% used [0x00000007d4d00000,0x00000007e6852e20,0x00000007e8080000)
  to   space 359424K, 0% used [0x00000007ea100000,0x00000007ea100000,0x0000000800000000)
 ParOldGen       total 819200K, used 537262K [0x0000000700000000, 0x0000000732000000, 0x00000007aaa80000)
  object space 819200K, 65% used [0x0000000700000000,0x0000000720cabbe8,0x0000000732000000)
 PSPermGen       total 21504K, used 6372K [0x00000006fae00000, 0x00000006fc300000, 0x0000000700000000)
  object space 21504K, 29% used [0x00000006fae00000,0x00000006fb4390f8,0x00000006fc300000)
}

